[debug] [2023-02-10T20:10:30.809Z] ----------------------------------------------------------------------
[debug] [2023-02-10T20:10:30.812Z] Command:       C:\Program Files\nodejs\node.exe C:\Users\Pankaj\AppData\Roaming\npm\node_modules\firebase-tools\lib\bin\firebase.js init
[debug] [2023-02-10T20:10:30.813Z] CLI Version:   11.19.0
[debug] [2023-02-10T20:10:30.813Z] Platform:      win32
[debug] [2023-02-10T20:10:30.813Z] Node Version:  v16.15.1
[debug] [2023-02-10T20:10:30.815Z] Time:          Sat Feb 11 2023 01:40:30 GMT+0530 (India Standard Time)
[debug] [2023-02-10T20:10:30.816Z] ----------------------------------------------------------------------
[debug] 
[debug] [2023-02-10T20:10:30.829Z] > command requires scopes: ["email","openid","https://www.googleapis.com/auth/cloudplatformprojects.readonly","https://www.googleapis.com/auth/firebase","https://www.googleapis.com/auth/cloud-platform"]
[debug] [2023-02-10T20:10:30.830Z] > authorizing via signed-in user (achyutagupta888rg@gmail.com)
[info] 
     ######## #### ########  ######## ########     ###     ######  ########
     ##        ##  ##     ## ##       ##     ##  ##   ##  ##       ##
     ######    ##  ########  ######   ########  #########  ######  ######
     ##        ##  ##    ##  ##       ##     ## ##     ##       ## ##
     ##       #### ##     ## ######## ########  ##     ##  ######  ########

You're about to initialize a Firebase project in this directory:

  D:\Noobackers\Student_portal

[info] 
=== Project Setup
[info] 
[info] First, let's associate this project directory with a Firebase project.
[info] You can create multiple project aliases by running firebase use --add, 
[info] but for now we'll just set up a default project.
[info] 
[debug] [2023-02-10T20:10:42.147Z] >>> [apiv2][query] GET https://firebase.googleapis.com/v1beta1/projects pageSize=100
[debug] [2023-02-10T20:10:43.304Z] <<< [apiv2][status] GET https://firebase.googleapis.com/v1beta1/projects 200
[debug] [2023-02-10T20:10:43.304Z] <<< [apiv2][body] GET https://firebase.googleapis.com/v1beta1/projects [omitted]
[info] i  Using project student-portal-466eb (Student-portal) 
[info] 
=== Hosting Setup
[info] 
[info] Your public directory is the folder (relative to your project directory) that
[info] will contain Hosting assets to be uploaded with firebase deploy. If you
[info] have a build process for your assets, use your build's output directory.
[info] 
